<html>
<head>
<title>TestNG:  Test2</title>
<link href="../testng.css" rel="stylesheet" type="text/css" />
<link href="../my-testng.css" rel="stylesheet" type="text/css" />

<style type="text/css">
.log { display: none;} 
.stack-trace { display: none;} 
</style>
<script type="text/javascript">
<!--
function flip(e) {
  current = e.style.display;
  if (current == 'block') {
    e.style.display = 'none';
    return 0;
  }
  else {
    e.style.display = 'block';
    return 1;
  }
}

function toggleBox(szDivId, elem, msg1, msg2)
{
  var res = -1;  if (document.getElementById) {
    res = flip(document.getElementById(szDivId));
  }
  else if (document.all) {
    // this is the way old msie versions work
    res = flip(document.all[szDivId]);
  }
  if(elem) {
    if(res == 0) elem.innerHTML = msg1; else elem.innerHTML = msg2;
  }

}

function toggleAllBoxes() {
  if (document.getElementsByTagName) {
    d = document.getElementsByTagName('div');
    for (i = 0; i < d.length; i++) {
      if (d[i].className == 'log') {
        flip(d[i]);
      }
    }
  }
}

// -->
</script>

</head>
<body>
<h2 align='center'>Test2</h2><table border='1' align="center">
<tr>
<td>Tests passed/Failed/Skipped:</td><td>0/0/4</td>
</tr><tr>
<td>Started on:</td><td>Fri Sep 06 16:56:12 IST 2019</td>
</tr>
<tr><td>Total time:</td><td>1 seconds (1245 ms)</td>
</tr><tr>
<td>Included groups:</td><td></td>
</tr><tr>
<td>Excluded groups:</td><td></td>
</tr>
</table><p/>
<small><i>(Hover the method name to see the test class name)</i></small><p/>
<table width='100%' border='1' class='invocation-failed'>
<tr><td colspan='4' align='center'><b>FAILED CONFIGURATIONS</b></td></tr>
<tr><td><b>Test method</b></td>
<td width="30%"><b>Exception</b></td>
<td width="10%"><b>Time (seconds)</b></td>
<td><b>Instance</b></td>
</tr>
<tr>
<td title='org.atmecs.utils.flight_ticket.Edit.setup()'><b>setup</b><br>Test class: org.atmecs.utils.flight_ticket.Edit</td>
<td><div><pre>org.testng.TestNGException: 
Parameter &apos;portnum&apos; is required by BeforeSuite on method setup but has not been marked @Optional or defined
in C:\Users\ajith.periyasamy\eclipse-workspace1\ticket\src\test\resources\suitefiles\sample.xml
... Removed 16 stack frames</pre></div><a href='#' onClick='toggleBox("stack-trace733957003", this, "Click to show all stack frames", "Click to hide stack frames")'>Click to show all stack frames</a>
<div class='stack-trace' id='stack-trace733957003'><pre>org.testng.TestNGException: 
Parameter &apos;portnum&apos; is required by BeforeSuite on method setup but has not been marked @Optional or defined
in C:\Users\ajith.periyasamy\eclipse-workspace1\ticket\src\test\resources\suitefiles\sample.xml
	at org.testng.internal.Parameters.createParams(Parameters.java:289)
	at org.testng.internal.Parameters.createParametersForMethod(Parameters.java:377)
	at org.testng.internal.Parameters.createParameters(Parameters.java:721)
	at org.testng.internal.Parameters.createConfigurationParameters(Parameters.java:164)
	at org.testng.internal.ConfigInvoker.invokeConfigurations(ConfigInvoker.java:275)
	at org.testng.SuiteRunner.privateRun(SuiteRunner.java:345)
	at org.testng.SuiteRunner.run(SuiteRunner.java:304)
	at org.testng.SuiteRunnerWorker.runSuite(SuiteRunnerWorker.java:53)
	at org.testng.SuiteRunnerWorker.run(SuiteRunnerWorker.java:96)
	at org.testng.TestNG.runSuitesSequentially(TestNG.java:1180)
	at org.testng.TestNG.runSuitesLocally(TestNG.java:1102)
	at org.testng.TestNG.runSuites(TestNG.java:1032)
	at org.testng.TestNG.run(TestNG.java:1000)
	at org.testng.remote.AbstractRemoteTestNG.run(AbstractRemoteTestNG.java:115)
	at org.testng.remote.RemoteTestNG.initAndRun(RemoteTestNG.java:251)
	at org.testng.remote.RemoteTestNG.main(RemoteTestNG.java:77)
</pre></div></td>
<td>-1567769172</td>
<td>org.atmecs.utils.flight_ticket.Edit@4bbfb90a</td></tr>
</table><p>
<table width='100%' border='1' class='invocation-skipped'>
<tr><td colspan='4' align='center'><b>SKIPPED TESTS</b></td></tr>
<tr><td><b>Test method</b></td>
<td width="30%"><b>Exception</b></td>
<td width="10%"><b>Time (seconds)</b></td>
<td><b>Instance</b></td>
</tr>
<tr>
<td title='org.atmecs.utils.roundtrip.Edit.edit()'><b>edit</b><br>Test class: org.atmecs.utils.roundtrip.Edit</td>
<td></td>
<td>0</td>
<td>org.atmecs.utils.roundtrip.Edit@61f8bee4</td></tr>
<tr>
<td title='org.atmecs.utils.flight_ticket.Edit.edit()'><b>edit</b><br>Test class: org.atmecs.utils.flight_ticket.Edit</td>
<td><div><pre>org.testng.TestNGException: 
Parameter &apos;portnum&apos; is required by BeforeSuite on method setup but has not been marked @Optional or defined
in C:\Users\ajith.periyasamy\eclipse-workspace1\ticket\src\test\resources\suitefiles\sample.xml
... Removed 16 stack frames</pre></div><a href='#' onClick='toggleBox("stack-trace2041785232", this, "Click to show all stack frames", "Click to hide stack frames")'>Click to show all stack frames</a>
<div class='stack-trace' id='stack-trace2041785232'><pre>org.testng.TestNGException: 
Parameter &apos;portnum&apos; is required by BeforeSuite on method setup but has not been marked @Optional or defined
in C:\Users\ajith.periyasamy\eclipse-workspace1\ticket\src\test\resources\suitefiles\sample.xml
	at org.testng.internal.Parameters.createParams(Parameters.java:289)
	at org.testng.internal.Parameters.createParametersForMethod(Parameters.java:377)
	at org.testng.internal.Parameters.createParameters(Parameters.java:721)
	at org.testng.internal.Parameters.createConfigurationParameters(Parameters.java:164)
	at org.testng.internal.ConfigInvoker.invokeConfigurations(ConfigInvoker.java:275)
	at org.testng.SuiteRunner.privateRun(SuiteRunner.java:345)
	at org.testng.SuiteRunner.run(SuiteRunner.java:304)
	at org.testng.SuiteRunnerWorker.runSuite(SuiteRunnerWorker.java:53)
	at org.testng.SuiteRunnerWorker.run(SuiteRunnerWorker.java:96)
	at org.testng.TestNG.runSuitesSequentially(TestNG.java:1180)
	at org.testng.TestNG.runSuitesLocally(TestNG.java:1102)
	at org.testng.TestNG.runSuites(TestNG.java:1032)
	at org.testng.TestNG.run(TestNG.java:1000)
	at org.testng.remote.AbstractRemoteTestNG.run(AbstractRemoteTestNG.java:115)
	at org.testng.remote.RemoteTestNG.initAndRun(RemoteTestNG.java:251)
	at org.testng.remote.RemoteTestNG.main(RemoteTestNG.java:77)
</pre></div></td>
<td>0</td>
<td>org.atmecs.utils.flight_ticket.Edit@4bbfb90a</td></tr>
<tr>
<td title='org.atmecs.utils.flight_ticket.Edit.flightticket()'><b>flightticket</b><br>Test class: org.atmecs.utils.flight_ticket.Edit</td>
<td><div><pre>org.testng.TestNGException: 
Parameter &apos;portnum&apos; is required by BeforeSuite on method setup but has not been marked @Optional or defined
in C:\Users\ajith.periyasamy\eclipse-workspace1\ticket\src\test\resources\suitefiles\sample.xml
... Removed 16 stack frames</pre></div><a href='#' onClick='toggleBox("stack-trace211085503", this, "Click to show all stack frames", "Click to hide stack frames")'>Click to show all stack frames</a>
<div class='stack-trace' id='stack-trace211085503'><pre>org.testng.TestNGException: 
Parameter &apos;portnum&apos; is required by BeforeSuite on method setup but has not been marked @Optional or defined
in C:\Users\ajith.periyasamy\eclipse-workspace1\ticket\src\test\resources\suitefiles\sample.xml
	at org.testng.internal.Parameters.createParams(Parameters.java:289)
	at org.testng.internal.Parameters.createParametersForMethod(Parameters.java:377)
	at org.testng.internal.Parameters.createParameters(Parameters.java:721)
	at org.testng.internal.Parameters.createConfigurationParameters(Parameters.java:164)
	at org.testng.internal.ConfigInvoker.invokeConfigurations(ConfigInvoker.java:275)
	at org.testng.SuiteRunner.privateRun(SuiteRunner.java:345)
	at org.testng.SuiteRunner.run(SuiteRunner.java:304)
	at org.testng.SuiteRunnerWorker.runSuite(SuiteRunnerWorker.java:53)
	at org.testng.SuiteRunnerWorker.run(SuiteRunnerWorker.java:96)
	at org.testng.TestNG.runSuitesSequentially(TestNG.java:1180)
	at org.testng.TestNG.runSuitesLocally(TestNG.java:1102)
	at org.testng.TestNG.runSuites(TestNG.java:1032)
	at org.testng.TestNG.run(TestNG.java:1000)
	at org.testng.remote.AbstractRemoteTestNG.run(AbstractRemoteTestNG.java:115)
	at org.testng.remote.RemoteTestNG.initAndRun(RemoteTestNG.java:251)
	at org.testng.remote.RemoteTestNG.main(RemoteTestNG.java:77)
</pre></div></td>
<td>0</td>
<td>org.atmecs.utils.flight_ticket.Edit@4bbfb90a</td></tr>
<tr>
<td title='org.atmecs.utils.roundtrip.Edit.flightticket()'><b>flightticket</b><br>Test class: org.atmecs.utils.roundtrip.Edit</td>
<td></td>
<td>0</td>
<td>org.atmecs.utils.roundtrip.Edit@61f8bee4</td></tr>
<tr>
<td title='org.atmecs.utils.flight_ticket.Edit.price()'><b>price</b><br>Test class: org.atmecs.utils.flight_ticket.Edit</td>
<td><div><pre>org.testng.TestNGException: 
Parameter &apos;portnum&apos; is required by BeforeSuite on method setup but has not been marked @Optional or defined
in C:\Users\ajith.periyasamy\eclipse-workspace1\ticket\src\test\resources\suitefiles\sample.xml
... Removed 16 stack frames</pre></div><a href='#' onClick='toggleBox("stack-trace329261832", this, "Click to show all stack frames", "Click to hide stack frames")'>Click to show all stack frames</a>
<div class='stack-trace' id='stack-trace329261832'><pre>org.testng.TestNGException: 
Parameter &apos;portnum&apos; is required by BeforeSuite on method setup but has not been marked @Optional or defined
in C:\Users\ajith.periyasamy\eclipse-workspace1\ticket\src\test\resources\suitefiles\sample.xml
	at org.testng.internal.Parameters.createParams(Parameters.java:289)
	at org.testng.internal.Parameters.createParametersForMethod(Parameters.java:377)
	at org.testng.internal.Parameters.createParameters(Parameters.java:721)
	at org.testng.internal.Parameters.createConfigurationParameters(Parameters.java:164)
	at org.testng.internal.ConfigInvoker.invokeConfigurations(ConfigInvoker.java:275)
	at org.testng.SuiteRunner.privateRun(SuiteRunner.java:345)
	at org.testng.SuiteRunner.run(SuiteRunner.java:304)
	at org.testng.SuiteRunnerWorker.runSuite(SuiteRunnerWorker.java:53)
	at org.testng.SuiteRunnerWorker.run(SuiteRunnerWorker.java:96)
	at org.testng.TestNG.runSuitesSequentially(TestNG.java:1180)
	at org.testng.TestNG.runSuitesLocally(TestNG.java:1102)
	at org.testng.TestNG.runSuites(TestNG.java:1032)
	at org.testng.TestNG.run(TestNG.java:1000)
	at org.testng.remote.AbstractRemoteTestNG.run(AbstractRemoteTestNG.java:115)
	at org.testng.remote.RemoteTestNG.initAndRun(RemoteTestNG.java:251)
	at org.testng.remote.RemoteTestNG.main(RemoteTestNG.java:77)
</pre></div></td>
<td>0</td>
<td>org.atmecs.utils.flight_ticket.Edit@4bbfb90a</td></tr>
<tr>
<td title='org.atmecs.utils.roundtrip.Edit.price()'><b>price</b><br>Test class: org.atmecs.utils.roundtrip.Edit</td>
<td></td>
<td>0</td>
<td>org.atmecs.utils.roundtrip.Edit@61f8bee4</td></tr>
<tr>
<td title='org.atmecs.utils.flight_ticket.Edit.testApp()'><b>testApp</b><br>Test class: org.atmecs.utils.flight_ticket.Edit</td>
<td><div><pre>org.testng.TestNGException: 
Parameter &apos;portnum&apos; is required by BeforeSuite on method setup but has not been marked @Optional or defined
in C:\Users\ajith.periyasamy\eclipse-workspace1\ticket\src\test\resources\suitefiles\sample.xml
... Removed 16 stack frames</pre></div><a href='#' onClick='toggleBox("stack-trace1165264273", this, "Click to show all stack frames", "Click to hide stack frames")'>Click to show all stack frames</a>
<div class='stack-trace' id='stack-trace1165264273'><pre>org.testng.TestNGException: 
Parameter &apos;portnum&apos; is required by BeforeSuite on method setup but has not been marked @Optional or defined
in C:\Users\ajith.periyasamy\eclipse-workspace1\ticket\src\test\resources\suitefiles\sample.xml
	at org.testng.internal.Parameters.createParams(Parameters.java:289)
	at org.testng.internal.Parameters.createParametersForMethod(Parameters.java:377)
	at org.testng.internal.Parameters.createParameters(Parameters.java:721)
	at org.testng.internal.Parameters.createConfigurationParameters(Parameters.java:164)
	at org.testng.internal.ConfigInvoker.invokeConfigurations(ConfigInvoker.java:275)
	at org.testng.SuiteRunner.privateRun(SuiteRunner.java:345)
	at org.testng.SuiteRunner.run(SuiteRunner.java:304)
	at org.testng.SuiteRunnerWorker.runSuite(SuiteRunnerWorker.java:53)
	at org.testng.SuiteRunnerWorker.run(SuiteRunnerWorker.java:96)
	at org.testng.TestNG.runSuitesSequentially(TestNG.java:1180)
	at org.testng.TestNG.runSuitesLocally(TestNG.java:1102)
	at org.testng.TestNG.runSuites(TestNG.java:1032)
	at org.testng.TestNG.run(TestNG.java:1000)
	at org.testng.remote.AbstractRemoteTestNG.run(AbstractRemoteTestNG.java:115)
	at org.testng.remote.RemoteTestNG.initAndRun(RemoteTestNG.java:251)
	at org.testng.remote.RemoteTestNG.main(RemoteTestNG.java:77)
</pre></div></td>
<td>0</td>
<td>org.atmecs.utils.flight_ticket.Edit@4bbfb90a</td></tr>
<tr>
<td title='org.atmecs.utils.roundtrip.Edit.testApp()'><b>testApp</b><br>Test class: org.atmecs.utils.roundtrip.Edit</td>
<td></td>
<td>0</td>
<td>org.atmecs.utils.roundtrip.Edit@61f8bee4</td></tr>
</table><p>
</body>
</html>